Number of samples: 8083
Number of features: 466
Number of missed features (0.2): 129
Number of categorical features (less than 40 category): 296
Number of targets: 28
Number of missed targets (0.2): 0
Number of categorical targets (less than 40 category): 6
Balance of categorical targets:
csp7_str1 [0.178 0.173 0.121 0.093 0.062 0.048 0.036 0.026 0.024 0.021 0.017 0.01
 0.009 0.008 0.004 0.004 0.002 0.001 0.001 0.001 0.    0.001 0.16 ]
csp7_con1 [0.12  0.187 0.177 0.119 0.076 0.052 0.035 0.027 0.018 0.011 0.007 0.005
 0.002 0.002 0.001 0.001 0.001 0.    0.    0.16 ]
csp6_str1 [0.19  0.174 0.12  0.094 0.059 0.048 0.036 0.026 0.024 0.021 0.014 0.012
 0.009 0.005 0.004 0.002 0.001 0.001 0.    0.    0.    0.001 0.16 ]
csp6_con1 [0.192 0.231 0.148 0.1   0.055 0.039 0.028 0.019 0.012 0.006 0.004 0.001
 0.001 0.001 0.001 0.    0.16 ]
csp6_str_nohuman1 [0.196 0.188 0.133 0.1   0.068 0.05  0.039 0.03  0.025 0.022 0.017 0.01
 0.008 0.007 0.004 0.004 0.002 0.001 0.001 0.001 0.    0.    0.    0.094]
csp6_con_nohuman1 [0.163 0.207 0.181 0.123 0.08  0.051 0.035 0.025 0.018 0.008 0.006 0.004
 0.001 0.002 0.001 0.001 0.    0.093]
Finished in 0 seconds.
